<?xml version="1.0" encoding="UTF-8"?>
<testng-results skipped="0" failed="0" ignored="0" total="3" passed="3">
  <reporter-output>
  </reporter-output>
  <suite name="Suite" duration-ms="14976" started-at="2018-05-08T10:54:45Z" finished-at="2018-05-08T10:55:00Z">
    <groups>
    </groups>
    <test name="Test" duration-ms="14976" started-at="2018-05-08T10:54:45Z" finished-at="2018-05-08T10:55:00Z">
      <class name="com.bcs.p3s.automationtest.TestP3sLogin">
        <test-method status="PASS" signature="setUp()[pri:0, instance:com.bcs.p3s.automationtest.TestP3sLogin@1141def]" name="setUp" is-config="true" duration-ms="6975" started-at="2018-05-08T11:54:45Z" finished-at="2018-05-08T11:54:52Z">
          <reporter-output>
          </reporter-output>
        </test-method> <!-- setUp -->
        <test-method status="PASS" signature="loginIncorrectCredentials()[pri:0, instance:com.bcs.p3s.automationtest.TestP3sLogin@1141def]" name="loginIncorrectCredentials" duration-ms="3340" started-at="2018-05-08T11:54:52Z" finished-at="2018-05-08T11:54:55Z">
          <reporter-output>
          </reporter-output>
        </test-method> <!-- loginIncorrectCredentials -->
        <test-method status="PASS" signature="loginCorrectCredentials()[pri:1, instance:com.bcs.p3s.automationtest.TestP3sLogin@1141def]" name="loginCorrectCredentials" duration-ms="4346" started-at="2018-05-08T11:54:55Z" finished-at="2018-05-08T11:54:59Z">
          <reporter-output>
          </reporter-output>
        </test-method> <!-- loginCorrectCredentials -->
        <test-method status="PASS" signature="logoutFnCheck()[pri:2, instance:com.bcs.p3s.automationtest.TestP3sLogin@1141def]" name="logoutFnCheck" duration-ms="295" started-at="2018-05-08T11:54:59Z" finished-at="2018-05-08T11:55:00Z">
          <reporter-output>
          </reporter-output>
        </test-method> <!-- logoutFnCheck -->
      </class> <!-- com.bcs.p3s.automationtest.TestP3sLogin -->
    </test> <!-- Test -->
  </suite> <!-- Suite -->
</testng-results>
