<?xml version="1.0" encoding="UTF-8"?>
<!-- Generated by org.testng.reporters.JUnitXMLReporter -->
<testsuite hostname="avid-ox790-013" ignored="0" name="Test" tests="3" failures="0" timestamp="23 Apr 2018 11:07:33 GMT" time="22.117" errors="0">
  <testcase name="loginIncorrectCredentials" time="2.997" classname="com.bcs.p3s.automationtest.TestP3sLogin"/>
  <testcase name="loginCorrectCredentials" time="14.606" classname="com.bcs.p3s.automationtest.TestP3sLogin"/>
  <testcase name="logoutFnCheck" time="2.64" classname="com.bcs.p3s.automationtest.TestP3sLogin"/>
</testsuite> <!-- Test -->
