<?xml version="1.0" encoding="UTF-8"?>
<!-- Generated by org.testng.reporters.JUnitXMLReporter -->
<testsuite hostname="avid-ox790-013" ignored="0" name="Default test" tests="3" failures="0" timestamp="23 Apr 2018 10:28:49 GMT" time="25.578" errors="0">
  <testcase name="loginIncorrectCredentials" time="3.902" classname="com.bcs.p3s.automationtest.TestP3sLogin"/>
  <testcase name="loginCorrectCredentials" time="17.913" classname="com.bcs.p3s.automationtest.TestP3sLogin"/>
  <testcase name="logoutFnCheck" time="2.357" classname="com.bcs.p3s.automationtest.TestP3sLogin"/>
</testsuite> <!-- Default test -->
