<?xml version="1.0" encoding="UTF-8"?>
<testng-results skipped="0" failed="0" ignored="0" total="1" passed="1">
  <reporter-output>
  </reporter-output>
  <suite name="Default suite" duration-ms="17935" started-at="2018-04-12T11:20:23Z" finished-at="2018-04-12T11:20:41Z">
    <groups>
    </groups>
    <test name="Default test" duration-ms="17935" started-at="2018-04-12T11:20:23Z" finished-at="2018-04-12T11:20:41Z">
      <class name="com.bcs.p3s.automationtest.TestP3sLogin">
        <test-method status="PASS" signature="setUp()[pri:0, instance:com.bcs.p3s.automationtest.TestP3sLogin@bf3bbf]" name="setUp" is-config="true" duration-ms="9694" started-at="2018-04-12T12:20:23Z" finished-at="2018-04-12T12:20:33Z">
          <reporter-output>
          </reporter-output>
        </test-method> <!-- setUp -->
        <test-method status="PASS" signature="main()[pri:0, instance:com.bcs.p3s.automationtest.TestP3sLogin@bf3bbf]" name="main" duration-ms="8192" started-at="2018-04-12T12:20:33Z" finished-at="2018-04-12T12:20:41Z">
          <reporter-output>
          </reporter-output>
        </test-method> <!-- main -->
      </class> <!-- com.bcs.p3s.automationtest.TestP3sLogin -->
    </test> <!-- Default test -->
  </suite> <!-- Default suite -->
</testng-results>
