<?xml version="1.0" encoding="UTF-8"?>
<!-- Generated by org.testng.reporters.JUnitXMLReporter -->
<testsuite hostname="avid-ox790-013" ignored="0" name="Default test" tests="3" failures="0" timestamp="08 May 2018 10:50:38 GMT" time="22.448" errors="0">
  <testcase name="loginIncorrectCredentials" time="7.481" classname="com.bcs.p3s.automationtest.TestP3sLogin"/>
  <testcase name="loginCorrectCredentials" time="8.515" classname="com.bcs.p3s.automationtest.TestP3sLogin"/>
  <testcase name="logoutFnCheck" time="0.286" classname="com.bcs.p3s.automationtest.TestP3sLogin"/>
</testsuite> <!-- Default test -->
