<?xml version="1.0" encoding="UTF-8"?>
<testng-results skipped="0" failed="0" ignored="0" total="1" passed="1">
  <reporter-output>
  </reporter-output>
  <suite name="Default suite" duration-ms="21039" started-at="2018-04-18T12:53:11Z" finished-at="2018-04-18T12:53:32Z">
    <groups>
    </groups>
    <test name="Default test" duration-ms="21039" started-at="2018-04-18T12:53:11Z" finished-at="2018-04-18T12:53:32Z">
      <class name="com.bcs.p3s.automationtest.TestP3sLogin">
        <test-method status="PASS" signature="setUp()[pri:0, instance:com.bcs.p3s.automationtest.TestP3sLogin@85bdee]" name="setUp" is-config="true" duration-ms="4243" started-at="2018-04-18T13:53:11Z" finished-at="2018-04-18T13:53:15Z">
          <reporter-output>
          </reporter-output>
        </test-method> <!-- setUp -->
        <test-method status="PASS" signature="main()[pri:0, instance:com.bcs.p3s.automationtest.TestP3sLogin@85bdee]" name="main" duration-ms="16749" started-at="2018-04-18T13:53:15Z" finished-at="2018-04-18T13:53:32Z">
          <reporter-output>
          </reporter-output>
        </test-method> <!-- main -->
      </class> <!-- com.bcs.p3s.automationtest.TestP3sLogin -->
    </test> <!-- Default test -->
  </suite> <!-- Default suite -->
</testng-results>
