<?xml version="1.0" encoding="UTF-8"?>
<!-- Generated by org.testng.reporters.JUnitXMLReporter -->
<testsuite hostname="avid-ox790-013" ignored="0" name="Test" tests="3" failures="0" timestamp="08 May 2018 13:45:34 GMT" time="52.517" errors="0">
  <testcase name="loginIncorrectCredentials" time="16.709" classname="com.bcs.p3s.automationtest.TestP3sLogin"/>
  <testcase name="loginCorrectCredentials" time="15.15" classname="com.bcs.p3s.automationtest.TestP3sLogin"/>
  <testcase name="logoutFnCheck" time="0.293" classname="com.bcs.p3s.automationtest.TestP3sLogin"/>
</testsuite> <!-- Test -->
