<?xml version="1.0" encoding="UTF-8"?>
<!-- Generated by org.testng.reporters.JUnitXMLReporter -->
<testsuite hostname="avid-ox790-013" ignored="0" name="Test" tests="3" failures="0" timestamp="08 May 2018 10:55:00 GMT" time="14.976" errors="0">
  <testcase name="loginIncorrectCredentials" time="3.34" classname="com.bcs.p3s.automationtest.TestP3sLogin"/>
  <testcase name="loginCorrectCredentials" time="4.346" classname="com.bcs.p3s.automationtest.TestP3sLogin"/>
  <testcase name="logoutFnCheck" time="0.295" classname="com.bcs.p3s.automationtest.TestP3sLogin"/>
</testsuite> <!-- Test -->
